<?xml version="1.0" encoding="utf-8"?><testsuites name="pytest tests"><testsuite name="pytest" errors="0" failures="0" skipped="0" tests="38" time="2.351" timestamp="2025-07-19T20:34:51.643283+00:00" hostname="b3d380cd5ea2"><testcase classname="unit.test_circuit_breaker.TestCircuitBreakerConfig" name="test_default_configuration" time="0.025" /><testcase classname="unit.test_circuit_breaker.TestCircuitBreakerConfig" name="test_custom_configuration" time="0.000" /><testcase classname="unit.test_circuit_breaker.TestCircuitBreakerMetrics" name="test_metrics_initialization" time="0.000" /><testcase classname="unit.test_circuit_breaker.TestCircuitBreakerMetrics" name="test_success_rate_calculation" time="0.000" /><testcase classname="unit.test_circuit_breaker.TestCircuitBreakerMetrics" name="test_reset_counts" time="0.000" /><testcase classname="unit.test_circuit_breaker.TestCircuitBreakerStateTransitions" name="test_initial_state" time="0.000" /><testcase classname="unit.test_circuit_breaker.TestCircuitBreakerStateTransitions" name="test_closed_to_open_transition" time="0.001" /><testcase classname="unit.test_circuit_breaker.TestCircuitBreakerStateTransitions" name="test_open_blocks_requests" time="0.000" /><testcase classname="unit.test_circuit_breaker.TestCircuitBreakerStateTransitions" name="test_open_to_half_open_transition" time="0.000" /><testcase classname="unit.test_circuit_breaker.TestCircuitBreakerStateTransitions" name="test_half_open_to_closed_transition" time="0.000" /><testcase classname="unit.test_circuit_breaker.TestCircuitBreakerStateTransitions" name="test_half_open_to_open_on_failure" time="0.000" /><testcase classname="unit.test_circuit_breaker.TestExponentialBackoff" name="test_initial_timeout" time="0.000" /><testcase classname="unit.test_circuit_breaker.TestExponentialBackoff" name="test_exponential_backoff_calculation" time="0.000" /><testcase classname="unit.test_circuit_breaker.TestExponentialBackoff" name="test_max_timeout_limit" time="0.000" /><testcase classname="unit.test_circuit_breaker.TestExponentialBackoff" name="test_timeout_reset_on_recovery" time="0.000" /><testcase classname="unit.test_circuit_breaker.TestMetricsTracking" name="test_successful_request_metrics" time="0.000" /><testcase classname="unit.test_circuit_breaker.TestMetricsTracking" name="test_failed_request_metrics" time="0.000" /><testcase classname="unit.test_circuit_breaker.TestMetricsTracking" name="test_mixed_request_metrics" time="0.000" /><testcase classname="unit.test_circuit_breaker.TestMetricsTracking" name="test_state_change_metrics" time="0.001" /><testcase classname="unit.test_circuit_breaker.TestStatusReporting" name="test_get_status_closed_state" time="0.000" /><testcase classname="unit.test_circuit_breaker.TestStatusReporting" name="test_get_status_open_state" time="0.000" /><testcase classname="unit.test_circuit_breaker.TestStatusReporting" name="test_get_status_with_metrics" time="0.000" /><testcase classname="unit.test_circuit_breaker.TestAsyncSupport" name="test_async_successful_call" time="0.011" /><testcase classname="unit.test_circuit_breaker.TestAsyncSupport" name="test_async_failed_call" time="0.011" /><testcase classname="unit.test_circuit_breaker.TestAsyncSupport" name="test_async_circuit_breaker_error" time="0.001" /><testcase classname="unit.test_circuit_breaker.TestDecoratorFunctionality" name="test_decorator_sync_function" time="0.000" /><testcase classname="unit.test_circuit_breaker.TestDecoratorFunctionality" name="test_decorator_async_function" time="0.021" /><testcase classname="unit.test_circuit_breaker.TestDecoratorFunctionality" name="test_decorator_circuit_breaker_behavior" time="0.001" /><testcase classname="unit.test_circuit_breaker.TestRegistryManagement" name="test_get_circuit_breaker_creates_new" time="0.000" /><testcase classname="unit.test_circuit_breaker.TestRegistryManagement" name="test_get_circuit_breaker_returns_existing" time="0.000" /><testcase classname="unit.test_circuit_breaker.TestRegistryManagement" name="test_get_all_circuit_breakers" time="0.000" /><testcase classname="unit.test_circuit_breaker.TestRegistryManagement" name="test_reset_all_circuit_breakers" time="0.000" /><testcase classname="unit.test_circuit_breaker.TestErrorHandling" name="test_circuit_breaker_error_attributes" time="0.000" /><testcase classname="unit.test_circuit_breaker.TestErrorHandling" name="test_function_exception_propagation" time="0.000" /><testcase classname="unit.test_circuit_breaker.TestErrorHandling" name="test_circuit_breaker_vs_function_exceptions" time="0.000" /><testcase classname="unit.test_circuit_breaker.TestErrorHandling" name="test_reset_clears_state" time="0.000" /><testcase classname="unit.test_circuit_breaker.TestCircuitBreakerIntegration" name="test_complete_failure_recovery_cycle" time="0.000" /><testcase classname="unit.test_circuit_breaker.TestCircuitBreakerIntegration" name="test_intermittent_failures_dont_open_circuit" time="0.000" /></testsuite></testsuites>